T50F4 000:000.536   SEGGER J-Link V7.92j Log File
T50F4 000:000.626   DLL Compiled: Oct 12 2023 14:38:59
T50F4 000:000.634   Logging started @ 2023-11-21 05:43
T50F4 000:000.643   Process: C:\Users\gauib\.eclipse\com.renesas.platform_931190909\DebugComp\RA\e2-server-gdb.exe
T50F4 000:000.652 - 0.651ms
T50F4 000:000.664 JLINK_GetDLLVersion()
T50F4 000:000.674 - 0.009ms returns 79210
T50F4 000:001.180 JLINK_OpenEx(...)
T50F4 000:007.248   Firmware: J-Link OB-RA4M2 compiled Sep 13 2023 14:47:46
T50F4 000:007.546   Firmware: J-Link OB-RA4M2 compiled Sep 13 2023 14:47:46
T50F4 000:021.168   Hardware: V1.00
T50F4 000:021.215   S/N: 1086379769
T50F4 000:021.227   OEM: SEGGER
T50F4 000:021.243   Feature(s): None
T50F4 000:021.723   Bootloader: 2021 May 14
T50F4 000:022.028   USB speed mode: Full speed (12 MBit/s)
T50F4 000:022.328   TELNET listener socket opened on port 19021
T50F4 000:022.492   WEBSRV WEBSRV_Init(): Starting webserver thread(s)
T50F4 000:022.622   WEBSRV Webserver running on local port 19080
T50F4 000:022.775   Looking for J-Link GUI Server exe at: C:\Users\gauib\.eclipse\com.renesas.platform_931190909\DebugComp\RA\ARM\Segger_v7.92.10\JLinkGUIServer.exe
T50F4 000:022.906   Looking for J-Link GUI Server exe at: C:\Program Files\SEGGER\JLink\JLinkGUIServer.exe
T50F4 000:022.947   Forking J-Link GUI Server: C:\Program Files\SEGGER\JLink\JLinkGUIServer.exe
T50F4 000:042.274   J-Link GUI Server info: "J-Link GUI server V7.88m "
T50F4 000:043.836 - 42.653ms returns "O.K."
T50F4 000:043.904 JLINK_TIF_Select(JLINKARM_TIF_SWD)
T50F4 000:044.370 - 0.464ms returns 0x00
T50F4 000:044.395 JLINK_ClrRESET()
T50F4 000:044.569 - 0.173ms
T50F4 000:096.810 JLINK_SetSpeed(1500)
T50F4 000:097.111 - 0.304ms
T50F4 000:097.209 JLINK_CORESIGHT_Configure(PerformTIFInit=0)
T50F4 000:097.643 - 0.439ms returns 0
T50F4 000:097.738 JLINK_CORESIGHT_ReadAPDPReg(DP reg 0x00)
T50F4 000:098.216   Value=0x6BA02477
T50F4 000:098.299 - 0.561ms returns 0
T50F4 000:098.336 JLINK_CORESIGHT_WriteAPDPReg(DP reg 0x00, 0x0000001F)
T50F4 000:098.601 - 0.264ms returns 0
T50F4 000:098.677 JLINK_CORESIGHT_ReadAPDPReg(DP reg 0x00)
T50F4 000:098.945   Value=0x6BA02477
T50F4 000:099.004 - 0.326ms returns 0
T50F4 000:099.039 JLINK_CORESIGHT_WriteAPDPReg(DP reg 0x02, 0x00000000)
T50F4 000:099.273 - 0.234ms returns 0
T50F4 000:099.308 JLINK_CORESIGHT_WriteAPDPReg(DP reg 0x01, 0x50000000)
T50F4 000:099.542 - 0.233ms returns 0
T50F4 000:099.583 JLINK_CORESIGHT_ReadAPDPReg(DP reg 0x01)
T50F4 000:099.800   Value=0xF0000040
T50F4 000:099.855 - 0.272ms returns 0
T50F4 000:099.884 JLINK_CORESIGHT_WriteAPDPReg(DP reg 0x00, 0x0000001F)
T50F4 000:100.088 - 0.204ms returns 0
T50F4 000:100.125 JLINK_CORESIGHT_ReadAPDPReg(DP reg 0x00)
T50F4 000:100.440   Value=0x6BA02477
T50F4 000:100.487 - 0.362ms returns 0
T50F4 000:100.518 JLINK_CORESIGHT_WriteAPDPReg(DP reg 0x01, 0x54000000)
T50F4 000:100.891 - 0.372ms returns 0
T50F4 000:100.960 JLINK_CORESIGHT_WriteAPDPReg(DP reg 0x01, 0x50000F00)
T50F4 000:101.167 - 0.207ms returns 0
T50F4 000:101.205 JLINK_CORESIGHT_WriteAPDPReg(DP reg 0x02, 0x01000000)
T50F4 000:101.477 - 0.271ms returns 0
T50F4 000:101.526 JLINK_CORESIGHT_WriteAPDPReg(AP reg 0x00, 0x80000002)
T50F4 000:101.740 - 0.214ms returns 0
T50F4 000:101.773 JLINK_CORESIGHT_WriteAPDPReg(AP reg 0x01, 0x80011100)
T50F4 000:102.037 - 0.263ms returns 0
T50F4 000:102.094 JLINK_CORESIGHT_WriteAPDPReg(AP reg 0x03, 0x000000A5)
T50F4 000:102.411 - 0.316ms returns 0
T50F4 000:102.463 JLINK_CORESIGHT_WriteAPDPReg(AP reg 0x00, 0x80000002)
T50F4 000:102.701 - 0.237ms returns 0
T50F4 000:102.753 JLINK_CORESIGHT_WriteAPDPReg(AP reg 0x01, 0x80011100)
T50F4 000:103.013 - 0.260ms returns 0
T50F4 000:103.053 JLINK_CORESIGHT_ReadAPDPReg(AP reg 0x03)
T50F4 000:103.298   Value=0x000000A5
T50F4 000:103.368 - 0.315ms returns 0
T50F4 000:103.423 JLINK_ClrTMS()
T50F4 000:103.531 - 0.111ms
T50F4 000:109.363 JLINK_SetTCK()
T50F4 000:109.511 - 0.148ms returns 0
T50F4 000:115.646 JLINK_SetRESET()
T50F4 000:115.860 - 0.212ms
T50F4 000:316.804 JLINK_CORESIGHT_WriteAPDPReg(AP reg 0x00, 0x80000002)
T50F4 000:317.399 - 0.594ms returns 0
T50F4 000:317.469 JLINK_CORESIGHT_WriteAPDPReg(AP reg 0x01, 0x80011100)
T50F4 000:317.791 - 0.323ms returns 0
T50F4 000:317.853 JLINK_CORESIGHT_ReadAPDPReg(AP reg 0x03)
T50F4 000:318.189   Value=0x00000000
T50F4 000:318.269 - 0.415ms returns 0
T50F4 000:318.339 JLINK_CORESIGHT_WriteAPDPReg(AP reg 0x00, 0x80000002)
T50F4 000:318.608 - 0.269ms returns 0
T50F4 000:318.669 JLINK_CORESIGHT_WriteAPDPReg(AP reg 0x01, 0x80011140)
T50F4 000:318.998 - 0.329ms returns 0
T50F4 000:319.062 JLINK_CORESIGHT_ReadAPDPReg(AP reg 0x03)
T50F4 000:319.387   Value=0x00000002
T50F4 000:319.467 - 0.405ms returns 0
T50F4 000:319.524 JLINK_CORESIGHT_WriteAPDPReg(AP reg 0x00, 0x80000002)
T50F4 000:319.791 - 0.267ms returns 0
T50F4 000:319.868 JLINK_CORESIGHT_WriteAPDPReg(AP reg 0x01, 0x80011120)
T50F4 000:320.137 - 0.268ms returns 0
T50F4 000:320.198 JLINK_CORESIGHT_WriteAPDPReg(AP reg 0x03, 0x00000055)
T50F4 000:320.507 - 0.309ms returns 0
T50F4 000:320.569 JLINK_CORESIGHT_WriteAPDPReg(AP reg 0x00, 0x80000002)
T50F4 000:320.835 - 0.266ms returns 0
T50F4 000:320.896 JLINK_CORESIGHT_WriteAPDPReg(AP reg 0x01, 0x80011140)
T50F4 000:321.163 - 0.267ms returns 0
T50F4 000:321.224 JLINK_CORESIGHT_ReadAPDPReg(AP reg 0x03)
T50F4 000:321.545   Value=0x00000000
T50F4 000:321.624 - 0.400ms returns 0
T50F4 000:321.683 JLINK_CORESIGHT_WriteAPDPReg(AP reg 0x00, 0x80000002)
T50F4 000:321.984 - 0.301ms returns 0
T50F4 000:322.044 JLINK_CORESIGHT_WriteAPDPReg(AP reg 0x01, 0x80011130)
T50F4 000:322.384 - 0.340ms returns 0
T50F4 000:322.438 JLINK_CORESIGHT_ReadAPDPReg(AP reg 0x03)
T50F4 000:322.741   Value=0x000000C6
T50F4 000:322.812 - 0.374ms returns 0
T50F4 000:322.873 JLINK_CORESIGHT_WriteAPDPReg(AP reg 0x00, 0x80000002)
T50F4 000:323.132 - 0.259ms returns 0
T50F4 000:323.186 JLINK_CORESIGHT_WriteAPDPReg(AP reg 0x01, 0x80011140)
T50F4 000:323.492 - 0.306ms returns 0
T50F4 000:323.545 JLINK_CORESIGHT_ReadAPDPReg(AP reg 0x03)
T50F4 000:323.849   Value=0x00000002
T50F4 000:323.916 - 0.371ms returns 0
T50F4 000:323.963 JLINK_CORESIGHT_WriteAPDPReg(AP reg 0x00, 0x80000002)
T50F4 000:324.227 - 0.264ms returns 0
T50F4 000:324.277 JLINK_CORESIGHT_WriteAPDPReg(AP reg 0x01, 0x80011120)
T50F4 000:324.524 - 0.248ms returns 0
T50F4 000:324.574 JLINK_CORESIGHT_WriteAPDPReg(AP reg 0x03, 0x3A010001)
T50F4 000:324.820 - 0.246ms returns 0
T50F4 000:324.870 JLINK_CORESIGHT_WriteAPDPReg(AP reg 0x00, 0x80000002)
T50F4 000:325.131 - 0.262ms returns 0
T50F4 000:325.178 JLINK_CORESIGHT_WriteAPDPReg(AP reg 0x01, 0x80011140)
T50F4 000:325.430 - 0.252ms returns 0
T50F4 000:325.474 JLINK_CORESIGHT_ReadAPDPReg(AP reg 0x03)
T50F4 000:325.753   Value=0x00000002
T50F4 000:325.811 - 0.336ms returns 0
T50F4 000:325.852 JLINK_CORESIGHT_WriteAPDPReg(AP reg 0x00, 0x80000002)
T50F4 000:326.095 - 0.243ms returns 0
T50F4 000:326.139 JLINK_CORESIGHT_WriteAPDPReg(AP reg 0x01, 0x80011120)
T50F4 000:326.374 - 0.235ms returns 0
T50F4 000:326.415 JLINK_CORESIGHT_WriteAPDPReg(AP reg 0x03, 0x000003C5)
T50F4 000:326.636 - 0.221ms returns 0
T50F4 000:326.676 JLINK_CORESIGHT_WriteAPDPReg(AP reg 0x00, 0x80000002)
T50F4 000:326.899 - 0.223ms returns 0
T50F4 000:326.939 JLINK_CORESIGHT_WriteAPDPReg(AP reg 0x01, 0x80011140)
T50F4 000:327.169 - 0.230ms returns 0
T50F4 000:327.210 JLINK_CORESIGHT_ReadAPDPReg(AP reg 0x03)
T50F4 000:327.532   Value=0x00000002
T50F4 000:327.583 - 0.372ms returns 0
T50F4 000:327.617 JLINK_CORESIGHT_ReadAPDPReg(AP reg 0x03)
T50F4 000:328.060   Value=0x00000002
T50F4 000:328.171 - 0.552ms returns 0
T50F4 000:328.217 JLINK_CORESIGHT_ReadAPDPReg(AP reg 0x03)
T50F4 000:328.539   Value=0x00000002
T50F4 000:328.641 - 0.423ms returns 0
T50F4 000:328.683 JLINK_CORESIGHT_ReadAPDPReg(AP reg 0x03)
T50F4 000:328.983   Value=0x00000002
T50F4 000:329.060 - 0.377ms returns 0
T50F4 000:329.099 JLINK_CORESIGHT_ReadAPDPReg(AP reg 0x03)
T50F4 000:329.431   Value=0x00000002
T50F4 000:329.478 - 0.379ms returns 0
T50F4 000:329.512 JLINK_CORESIGHT_ReadAPDPReg(AP reg 0x03)
T50F4 000:329.917   Value=0x00000002
T50F4 000:329.965 - 0.452ms returns 0
T50F4 000:329.995 JLINK_CORESIGHT_ReadAPDPReg(AP reg 0x03)
T50F4 000:330.251   Value=0x00000002
T50F4 000:330.294 - 0.298ms returns 0
T50F4 000:330.323 JLINK_CORESIGHT_ReadAPDPReg(AP reg 0x03)
T50F4 000:330.574   Value=0x00000002
T50F4 000:330.613 - 0.290ms returns 0
T50F4 000:330.640 JLINK_CORESIGHT_ReadAPDPReg(AP reg 0x03)
T50F4 000:330.886   Value=0x00000002
T50F4 000:330.924 - 0.284ms returns 0
T50F4 000:330.951 JLINK_CORESIGHT_ReadAPDPReg(AP reg 0x03)
T50F4 000:331.198   Value=0x00000000
T50F4 000:331.236 - 0.284ms returns 0
T50F4 000:331.261 JLINK_CORESIGHT_WriteAPDPReg(AP reg 0x00, 0x80000002)
T50F4 000:331.472 - 0.211ms returns 0
T50F4 000:331.499 JLINK_CORESIGHT_WriteAPDPReg(AP reg 0x01, 0x80011130)
T50F4 000:331.692 - 0.192ms returns 0
T50F4 000:331.719 JLINK_CORESIGHT_ReadAPDPReg(AP reg 0x03)
T50F4 000:331.993   Value=0x3A2A0081
T50F4 000:332.070 - 0.349ms returns 0
T50F4 000:332.123 JLINK_CORESIGHT_WriteAPDPReg(AP reg 0x00, 0x80000002)
T50F4 000:332.373 - 0.248ms returns 0
T50F4 000:332.438 JLINK_CORESIGHT_WriteAPDPReg(AP reg 0x01, 0x80011140)
T50F4 000:332.647 - 0.209ms returns 0
T50F4 000:332.679 JLINK_CORESIGHT_ReadAPDPReg(AP reg 0x03)
T50F4 000:332.938   Value=0x00000000
T50F4 000:332.972 - 0.292ms returns 0
T50F4 000:332.996 JLINK_CORESIGHT_WriteAPDPReg(AP reg 0x00, 0x80000002)
T50F4 000:333.193 - 0.196ms returns 0
T50F4 000:333.219 JLINK_CORESIGHT_WriteAPDPReg(AP reg 0x01, 0x80011130)
T50F4 000:333.471 - 0.252ms returns 0
T50F4 000:333.497 JLINK_CORESIGHT_ReadAPDPReg(AP reg 0x03)
T50F4 000:333.737   Value=0x808D5B00
T50F4 000:333.769 - 0.272ms returns 0
T50F4 000:333.793 JLINK_CORESIGHT_WriteAPDPReg(AP reg 0x00, 0x80000002)
T50F4 000:333.984 - 0.190ms returns 0
T50F4 000:334.008 JLINK_CORESIGHT_WriteAPDPReg(AP reg 0x01, 0x80011140)
T50F4 000:334.197 - 0.189ms returns 0
T50F4 000:334.221 JLINK_CORESIGHT_ReadAPDPReg(AP reg 0x03)
T50F4 000:334.520   Value=0x00000000
T50F4 000:334.550 - 0.328ms returns 0
T50F4 000:334.573 JLINK_CORESIGHT_WriteAPDPReg(AP reg 0x00, 0x80000002)
T50F4 000:334.758 - 0.185ms returns 0
T50F4 000:334.781 JLINK_CORESIGHT_WriteAPDPReg(AP reg 0x01, 0x80011130)
T50F4 000:334.965 - 0.184ms returns 0
T50F4 000:334.988 JLINK_CORESIGHT_ReadAPDPReg(AP reg 0x03)
T50F4 000:335.223   Value=0x0603030B
T50F4 000:335.253 - 0.265ms returns 0
T50F4 000:335.275 JLINK_CORESIGHT_WriteAPDPReg(AP reg 0x00, 0x80000002)
T50F4 000:335.465 - 0.190ms returns 0
T50F4 000:335.488 JLINK_CORESIGHT_WriteAPDPReg(AP reg 0x01, 0x80011140)
T50F4 000:335.673 - 0.185ms returns 0
T50F4 000:335.696 JLINK_CORESIGHT_ReadAPDPReg(AP reg 0x03)
T50F4 000:335.934   Value=0x00000000
T50F4 000:335.963 - 0.267ms returns 0
T50F4 000:335.984 JLINK_CORESIGHT_WriteAPDPReg(AP reg 0x00, 0x80000002)
T50F4 000:336.182 - 0.198ms returns 0
T50F4 000:336.205 JLINK_CORESIGHT_WriteAPDPReg(AP reg 0x01, 0x80011130)
T50F4 000:336.412 - 0.206ms returns 0
T50F4 000:336.438 JLINK_CORESIGHT_ReadAPDPReg(AP reg 0x03)
T50F4 000:336.673   Value=0x2E4B4E20
T50F4 000:336.702 - 0.264ms returns 0
T50F4 000:336.724 JLINK_CORESIGHT_WriteAPDPReg(AP reg 0x00, 0x80000002)
T50F4 000:336.909 - 0.184ms returns 0
T50F4 000:336.933 JLINK_CORESIGHT_WriteAPDPReg(AP reg 0x01, 0x80011140)
T50F4 000:337.135 - 0.202ms returns 0
T50F4 000:337.159 JLINK_CORESIGHT_ReadAPDPReg(AP reg 0x03)
T50F4 000:337.411   Value=0x00000000
T50F4 000:337.439 - 0.280ms returns 0
T50F4 000:337.463 JLINK_CORESIGHT_WriteAPDPReg(AP reg 0x00, 0x80000002)
T50F4 000:337.645 - 0.182ms returns 0
T50F4 000:337.670 JLINK_CORESIGHT_WriteAPDPReg(AP reg 0x01, 0x80011130)
T50F4 000:337.858 - 0.188ms returns 0
T50F4 000:337.890 JLINK_CORESIGHT_ReadAPDPReg(AP reg 0x03)
T50F4 000:338.137   Value=0x4E63B592
T50F4 000:338.174 - 0.283ms returns 0
T50F4 000:338.200 JLINK_CORESIGHT_WriteAPDPReg(AP reg 0x00, 0x80000002)
T50F4 000:338.388 - 0.187ms returns 0
T50F4 000:338.411 JLINK_CORESIGHT_WriteAPDPReg(AP reg 0x01, 0x80011140)
T50F4 000:338.593 - 0.181ms returns 0
T50F4 000:338.619 JLINK_CORESIGHT_ReadAPDPReg(AP reg 0x03)
T50F4 000:338.876   Value=0x00000000
T50F4 000:338.904 - 0.284ms returns 0
T50F4 000:338.926 JLINK_CORESIGHT_WriteAPDPReg(AP reg 0x00, 0x80000002)
T50F4 000:339.111 - 0.184ms returns 0
T50F4 000:339.134 JLINK_CORESIGHT_WriteAPDPReg(AP reg 0x01, 0x80011130)
T50F4 000:339.361 - 0.226ms returns 0
T50F4 000:339.384 JLINK_CORESIGHT_ReadAPDPReg(AP reg 0x03)
T50F4 000:339.615   Value=0x34503036
T50F4 000:339.643 - 0.259ms returns 0
T50F4 000:339.665 JLINK_CORESIGHT_WriteAPDPReg(AP reg 0x00, 0x80000002)
T50F4 000:339.858 - 0.193ms returns 0
T50F4 000:339.881 JLINK_CORESIGHT_WriteAPDPReg(AP reg 0x01, 0x80011140)
T50F4 000:340.064 - 0.182ms returns 0
T50F4 000:340.087 JLINK_CORESIGHT_ReadAPDPReg(AP reg 0x03)
T50F4 000:340.361   Value=0x00000000
T50F4 000:340.389 - 0.302ms returns 0
T50F4 000:340.411 JLINK_CORESIGHT_WriteAPDPReg(AP reg 0x00, 0x80000002)
T50F4 000:340.588 - 0.177ms returns 0
T50F4 000:340.611 JLINK_CORESIGHT_WriteAPDPReg(AP reg 0x01, 0x80011130)
T50F4 000:340.846 - 0.235ms returns 0
T50F4 000:340.869 JLINK_CORESIGHT_ReadAPDPReg(AP reg 0x03)
T50F4 000:341.101   Value=0x76142D36
T50F4 000:341.130 - 0.260ms returns 0
T50F4 000:341.152 JLINK_CORESIGHT_WriteAPDPReg(AP reg 0x00, 0x80000002)
T50F4 000:341.360 - 0.207ms returns 0
T50F4 000:341.382 JLINK_CORESIGHT_WriteAPDPReg(AP reg 0x01, 0x80011140)
T50F4 000:341.561 - 0.179ms returns 0
T50F4 000:341.584 JLINK_CORESIGHT_ReadAPDPReg(AP reg 0x03)
T50F4 000:341.833   Value=0x00000000
T50F4 000:341.860 - 0.275ms returns 0
T50F4 000:341.880 JLINK_CORESIGHT_WriteAPDPReg(AP reg 0x00, 0x80000002)
T50F4 000:342.095 - 0.215ms returns 0
T50F4 000:342.117 JLINK_CORESIGHT_WriteAPDPReg(AP reg 0x01, 0x80011130)
T50F4 000:342.360 - 0.243ms returns 0
T50F4 000:342.383 JLINK_CORESIGHT_ReadAPDPReg(AP reg 0x03)
T50F4 000:342.610   Value=0x46375287
T50F4 000:342.636 - 0.253ms returns 0
T50F4 000:342.657 JLINK_CORESIGHT_WriteAPDPReg(AP reg 0x00, 0x80000002)
T50F4 000:342.836 - 0.179ms returns 0
T50F4 000:342.858 JLINK_CORESIGHT_WriteAPDPReg(AP reg 0x01, 0x80011140)
T50F4 000:343.095 - 0.236ms returns 0
T50F4 000:343.117 JLINK_CORESIGHT_ReadAPDPReg(AP reg 0x03)
T50F4 000:343.360   Value=0x00000000
T50F4 000:343.481 - 0.363ms returns 0
T50F4 000:343.509 JLINK_CORESIGHT_WriteAPDPReg(AP reg 0x00, 0x80000002)
T50F4 000:343.796 - 0.287ms returns 0
T50F4 000:343.821 JLINK_CORESIGHT_WriteAPDPReg(AP reg 0x01, 0x80011130)
T50F4 000:344.009 - 0.188ms returns 0
T50F4 000:344.032 JLINK_CORESIGHT_ReadAPDPReg(AP reg 0x03)
T50F4 000:344.263   Value=0x314D3841
T50F4 000:344.290 - 0.258ms returns 0
T50F4 000:344.311 JLINK_CORESIGHT_WriteAPDPReg(AP reg 0x00, 0x80000002)
T50F4 000:344.504 - 0.193ms returns 0
T50F4 000:344.527 JLINK_CORESIGHT_WriteAPDPReg(AP reg 0x01, 0x80011140)
T50F4 000:344.709 - 0.182ms returns 0
T50F4 000:344.732 JLINK_CORESIGHT_ReadAPDPReg(AP reg 0x03)
T50F4 000:345.020   Value=0x00000000
T50F4 000:345.047 - 0.315ms returns 0
T50F4 000:345.068 JLINK_CORESIGHT_WriteAPDPReg(AP reg 0x00, 0x80000002)
T50F4 000:345.247 - 0.179ms returns 0
T50F4 000:345.269 JLINK_CORESIGHT_WriteAPDPReg(AP reg 0x01, 0x80011130)
T50F4 000:345.468 - 0.198ms returns 0
T50F4 000:345.489 JLINK_CORESIGHT_ReadAPDPReg(AP reg 0x03)
T50F4 000:345.716   Value=0x43454841
T50F4 000:345.741 - 0.252ms returns 0
T50F4 000:345.761 JLINK_CORESIGHT_WriteAPDPReg(AP reg 0x00, 0x80000002)
T50F4 000:345.936 - 0.175ms returns 0
T50F4 000:345.957 JLINK_CORESIGHT_WriteAPDPReg(AP reg 0x01, 0x80011140)
T50F4 000:346.134 - 0.177ms returns 0
T50F4 000:347.353 JLINK_CORESIGHT_ReadAPDPReg(AP reg 0x03)
T50F4 000:347.605   Value=0x00000000
T50F4 000:347.639 - 0.286ms returns 0
T50F4 000:347.655 JLINK_CORESIGHT_WriteAPDPReg(AP reg 0x00, 0x80000002)
T50F4 000:347.822 - 0.166ms returns 0
T50F4 000:347.837 JLINK_CORESIGHT_WriteAPDPReg(AP reg 0x01, 0x80011130)
T50F4 000:347.999 - 0.162ms returns 0
T50F4 000:348.014 JLINK_CORESIGHT_ReadAPDPReg(AP reg 0x03)
T50F4 000:348.226   Value=0x20204442
T50F4 000:348.247 - 0.232ms returns 0
T50F4 000:348.260 JLINK_CORESIGHT_WriteAPDPReg(AP reg 0x00, 0x80000002)
T50F4 000:348.461 - 0.200ms returns 0
T50F4 000:348.474 JLINK_CORESIGHT_WriteAPDPReg(AP reg 0x01, 0x80011140)
T50F4 000:348.635 - 0.160ms returns 0
T50F4 000:348.648 JLINK_CORESIGHT_ReadAPDPReg(AP reg 0x03)
T50F4 000:348.883   Value=0x00000000
T50F4 000:348.900 - 0.251ms returns 0
T50F4 000:348.913 JLINK_CORESIGHT_WriteAPDPReg(AP reg 0x00, 0x80000002)
T50F4 000:349.068 - 0.155ms returns 0
T50F4 000:349.081 JLINK_CORESIGHT_WriteAPDPReg(AP reg 0x01, 0x80011130)
T50F4 000:349.239 - 0.158ms returns 0
T50F4 000:349.253 JLINK_CORESIGHT_ReadAPDPReg(AP reg 0x03)
T50F4 000:349.511   Value=0x00032320
T50F4 000:349.529 - 0.276ms returns 0
T50F4 000:349.585 JLINK_CORESIGHT_WriteAPDPReg(AP reg 0x00, 0x80000002)
T50F4 000:349.750 - 0.164ms returns 0
T50F4 000:349.763 JLINK_CORESIGHT_WriteAPDPReg(AP reg 0x01, 0x80011140)
T50F4 000:349.923 - 0.159ms returns 0
T50F4 000:349.936 JLINK_CORESIGHT_ReadAPDPReg(AP reg 0x03)
T50F4 000:350.152   Value=0x00000002
T50F4 000:350.169 - 0.233ms returns 0
T50F4 000:350.183 JLINK_CORESIGHT_WriteAPDPReg(AP reg 0x00, 0x80000002)
T50F4 000:350.352 - 0.169ms returns 0
T50F4 000:350.367 JLINK_CORESIGHT_WriteAPDPReg(AP reg 0x01, 0x80011120)
T50F4 000:350.528 - 0.161ms returns 0
T50F4 000:350.542 JLINK_CORESIGHT_WriteAPDPReg(AP reg 0x03, 0x3A010001)
T50F4 000:350.705 - 0.163ms returns 0
T50F4 000:350.720 JLINK_CORESIGHT_WriteAPDPReg(AP reg 0x00, 0x80000002)
T50F4 000:350.959 - 0.239ms returns 0
T50F4 000:350.974 JLINK_CORESIGHT_WriteAPDPReg(AP reg 0x01, 0x80011140)
T50F4 000:351.136 - 0.161ms returns 0
T50F4 000:351.151 JLINK_CORESIGHT_ReadAPDPReg(AP reg 0x03)
T50F4 000:351.378   Value=0x00000002
T50F4 000:351.399 - 0.248ms returns 0
T50F4 000:351.414 JLINK_CORESIGHT_WriteAPDPReg(AP reg 0x00, 0x80000002)
T50F4 000:351.575 - 0.161ms returns 0
T50F4 000:351.591 JLINK_CORESIGHT_WriteAPDPReg(AP reg 0x01, 0x80011120)
T50F4 000:351.754 - 0.163ms returns 0
T50F4 000:351.770 JLINK_CORESIGHT_WriteAPDPReg(AP reg 0x03, 0x000003C5)
T50F4 000:351.939 - 0.169ms returns 0
T50F4 000:351.955 JLINK_CORESIGHT_WriteAPDPReg(AP reg 0x00, 0x80000002)
T50F4 000:352.127 - 0.172ms returns 0
T50F4 000:352.143 JLINK_CORESIGHT_WriteAPDPReg(AP reg 0x01, 0x80011140)
T50F4 000:352.358 - 0.214ms returns 0
T50F4 000:352.374 JLINK_CORESIGHT_ReadAPDPReg(AP reg 0x03)
T50F4 000:352.588   Value=0x00000002
T50F4 000:352.610 - 0.235ms returns 0
T50F4 000:352.626 JLINK_CORESIGHT_ReadAPDPReg(AP reg 0x03)
T50F4 000:352.848   Value=0x00000002
T50F4 000:352.870 - 0.243ms returns 0
T50F4 000:352.885 JLINK_CORESIGHT_ReadAPDPReg(AP reg 0x03)
T50F4 000:353.102   Value=0x00000002
T50F4 000:353.124 - 0.238ms returns 0
T50F4 000:353.140 JLINK_CORESIGHT_ReadAPDPReg(AP reg 0x03)
T50F4 000:353.361   Value=0x00000002
T50F4 000:353.388 - 0.248ms returns 0
T50F4 000:353.406 JLINK_CORESIGHT_ReadAPDPReg(AP reg 0x03)
T50F4 000:353.629   Value=0x00000000
T50F4 000:353.655 - 0.248ms returns 0
T50F4 000:353.671 JLINK_CORESIGHT_WriteAPDPReg(AP reg 0x00, 0x80000002)
T50F4 000:353.851 - 0.180ms returns 0
T50F4 000:353.867 JLINK_CORESIGHT_WriteAPDPReg(AP reg 0x01, 0x80011130)
T50F4 000:354.034 - 0.166ms returns 0
T50F4 000:354.051 JLINK_CORESIGHT_ReadAPDPReg(AP reg 0x03)
T50F4 000:354.265   Value=0x3A2A0081
T50F4 000:354.288 - 0.236ms returns 0
T50F4 000:354.304 JLINK_CORESIGHT_WriteAPDPReg(AP reg 0x00, 0x80000002)
T50F4 000:354.469 - 0.165ms returns 0
T50F4 000:354.485 JLINK_CORESIGHT_WriteAPDPReg(AP reg 0x01, 0x80011140)
T50F4 000:354.650 - 0.165ms returns 0
T50F4 000:354.667 JLINK_CORESIGHT_ReadAPDPReg(AP reg 0x03)
T50F4 000:354.882   Value=0x00000000
T50F4 000:354.904 - 0.236ms returns 0
T50F4 000:354.919 JLINK_CORESIGHT_WriteAPDPReg(AP reg 0x00, 0x80000002)
T50F4 000:355.083 - 0.163ms returns 0
T50F4 000:355.100 JLINK_CORESIGHT_WriteAPDPReg(AP reg 0x01, 0x80011130)
T50F4 000:355.263 - 0.163ms returns 0
T50F4 000:355.280 JLINK_CORESIGHT_ReadAPDPReg(AP reg 0x03)
T50F4 000:355.506   Value=0x808D5B00
T50F4 000:355.531 - 0.251ms returns 0
T50F4 000:355.546 JLINK_CORESIGHT_WriteAPDPReg(AP reg 0x00, 0x80000002)
T50F4 000:355.725 - 0.178ms returns 0
T50F4 000:355.741 JLINK_CORESIGHT_WriteAPDPReg(AP reg 0x01, 0x80011140)
T50F4 000:355.904 - 0.163ms returns 0
T50F4 000:356.012 JLINK_CORESIGHT_ReadAPDPReg(AP reg 0x03)
T50F4 000:356.236   Value=0x00000000
T50F4 000:356.349 - 0.337ms returns 0
T50F4 000:356.369 JLINK_CORESIGHT_WriteAPDPReg(AP reg 0x00, 0x80000002)
T50F4 000:356.572 - 0.203ms returns 0
T50F4 000:356.604 JLINK_CORESIGHT_WriteAPDPReg(AP reg 0x01, 0x80011130)
T50F4 000:356.783 - 0.178ms returns 0
T50F4 000:356.811 JLINK_CORESIGHT_ReadAPDPReg(AP reg 0x03)
T50F4 000:357.051   Value=0x0603030B
T50F4 000:357.073 - 0.262ms returns 0
T50F4 000:357.089 JLINK_CORESIGHT_WriteAPDPReg(AP reg 0x00, 0x80000002)
T50F4 000:357.268 - 0.179ms returns 0
T50F4 000:357.287 JLINK_CORESIGHT_WriteAPDPReg(AP reg 0x01, 0x80011140)
T50F4 000:357.464 - 0.177ms returns 0
T50F4 000:357.479 JLINK_CORESIGHT_ReadAPDPReg(AP reg 0x03)
T50F4 000:357.695   Value=0x00000000
T50F4 000:357.724 - 0.244ms returns 0
T50F4 000:357.740 JLINK_CORESIGHT_WriteAPDPReg(AP reg 0x00, 0x80000002)
T50F4 000:357.905 - 0.165ms returns 0
T50F4 000:357.920 JLINK_CORESIGHT_WriteAPDPReg(AP reg 0x01, 0x80011130)
T50F4 000:358.080 - 0.160ms returns 0
T50F4 000:358.094 JLINK_CORESIGHT_ReadAPDPReg(AP reg 0x03)
T50F4 000:358.373   Value=0x2E4B4E20
T50F4 000:358.416 - 0.321ms returns 0
T50F4 000:358.431 JLINK_CORESIGHT_WriteAPDPReg(AP reg 0x00, 0x80000002)
T50F4 000:358.600 - 0.169ms returns 0
T50F4 000:358.617 JLINK_CORESIGHT_WriteAPDPReg(AP reg 0x01, 0x80011140)
T50F4 000:358.784 - 0.166ms returns 0
T50F4 000:358.798 JLINK_CORESIGHT_ReadAPDPReg(AP reg 0x03)
T50F4 000:359.028   Value=0x00000000
T50F4 000:359.046 - 0.248ms returns 0
T50F4 000:359.059 JLINK_CORESIGHT_WriteAPDPReg(AP reg 0x00, 0x80000002)
T50F4 000:359.222 - 0.163ms returns 0
T50F4 000:359.236 JLINK_CORESIGHT_WriteAPDPReg(AP reg 0x01, 0x80011130)
T50F4 000:359.463 - 0.227ms returns 0
T50F4 000:359.476 JLINK_CORESIGHT_ReadAPDPReg(AP reg 0x03)
T50F4 000:359.687   Value=0x4E63B592
T50F4 000:359.704 - 0.228ms returns 0
T50F4 000:359.716 JLINK_CORESIGHT_WriteAPDPReg(AP reg 0x00, 0x80000002)
T50F4 000:359.902 - 0.185ms returns 0
T50F4 000:359.915 JLINK_CORESIGHT_WriteAPDPReg(AP reg 0x01, 0x80011140)
T50F4 000:360.077 - 0.162ms returns 0
T50F4 000:360.090 JLINK_CORESIGHT_ReadAPDPReg(AP reg 0x03)
T50F4 000:360.360   Value=0x00000000
T50F4 000:360.377 - 0.287ms returns 0
T50F4 000:360.389 JLINK_CORESIGHT_WriteAPDPReg(AP reg 0x00, 0x80000002)
T50F4 000:360.552 - 0.162ms returns 0
T50F4 000:360.565 JLINK_CORESIGHT_WriteAPDPReg(AP reg 0x01, 0x80011130)
T50F4 000:360.726 - 0.161ms returns 0
T50F4 000:360.739 JLINK_CORESIGHT_ReadAPDPReg(AP reg 0x03)
T50F4 000:360.953   Value=0x34503036
T50F4 000:360.970 - 0.230ms returns 0
T50F4 000:360.982 JLINK_CORESIGHT_WriteAPDPReg(AP reg 0x00, 0x80000002)
T50F4 000:361.213 - 0.230ms returns 0
T50F4 000:361.226 JLINK_CORESIGHT_WriteAPDPReg(AP reg 0x01, 0x80011140)
T50F4 000:361.405 - 0.179ms returns 0
T50F4 000:361.419 JLINK_CORESIGHT_ReadAPDPReg(AP reg 0x03)
T50F4 000:361.630   Value=0x00000000
T50F4 000:361.648 - 0.229ms returns 0
T50F4 000:361.661 JLINK_CORESIGHT_WriteAPDPReg(AP reg 0x00, 0x80000002)
T50F4 000:361.824 - 0.163ms returns 0
T50F4 000:361.839 JLINK_CORESIGHT_WriteAPDPReg(AP reg 0x01, 0x80011130)
T50F4 000:362.002 - 0.163ms returns 0
T50F4 000:362.017 JLINK_CORESIGHT_ReadAPDPReg(AP reg 0x03)
T50F4 000:362.227   Value=0x76142D36
T50F4 000:362.245 - 0.228ms returns 0
T50F4 000:362.259 JLINK_CORESIGHT_WriteAPDPReg(AP reg 0x00, 0x80000002)
T50F4 000:362.462 - 0.203ms returns 0
T50F4 000:362.477 JLINK_CORESIGHT_WriteAPDPReg(AP reg 0x01, 0x80011140)
T50F4 000:362.642 - 0.165ms returns 0
T50F4 000:362.656 JLINK_CORESIGHT_ReadAPDPReg(AP reg 0x03)
T50F4 000:362.876   Value=0x00000000
T50F4 000:362.911 - 0.254ms returns 0
T50F4 000:362.927 JLINK_CORESIGHT_WriteAPDPReg(AP reg 0x00, 0x80000002)
T50F4 000:363.105 - 0.178ms returns 0
T50F4 000:363.128 JLINK_CORESIGHT_WriteAPDPReg(AP reg 0x01, 0x80011130)
T50F4 000:363.357 - 0.228ms returns 0
T50F4 000:363.372 JLINK_CORESIGHT_ReadAPDPReg(AP reg 0x03)
T50F4 000:363.588   Value=0x46375287
T50F4 000:363.607 - 0.235ms returns 0
T50F4 000:363.622 JLINK_CORESIGHT_WriteAPDPReg(AP reg 0x00, 0x80000002)
T50F4 000:363.789 - 0.167ms returns 0
T50F4 000:363.804 JLINK_CORESIGHT_WriteAPDPReg(AP reg 0x01, 0x80011140)
T50F4 000:363.978 - 0.174ms returns 0
T50F4 000:363.992 JLINK_CORESIGHT_ReadAPDPReg(AP reg 0x03)
T50F4 000:364.209   Value=0x00000000
T50F4 000:364.229 - 0.236ms returns 0
T50F4 000:364.245 JLINK_CORESIGHT_WriteAPDPReg(AP reg 0x00, 0x80000002)
T50F4 000:364.463 - 0.218ms returns 0
T50F4 000:364.478 JLINK_CORESIGHT_WriteAPDPReg(AP reg 0x01, 0x80011130)
T50F4 000:364.643 - 0.165ms returns 0
T50F4 000:364.657 JLINK_CORESIGHT_ReadAPDPReg(AP reg 0x03)
T50F4 000:364.878   Value=0x314D3841
T50F4 000:364.896 - 0.238ms returns 0
T50F4 000:364.909 JLINK_CORESIGHT_WriteAPDPReg(AP reg 0x00, 0x80000002)
T50F4 000:365.073 - 0.164ms returns 0
T50F4 000:365.087 JLINK_CORESIGHT_WriteAPDPReg(AP reg 0x01, 0x80011140)
T50F4 000:365.252 - 0.164ms returns 0
T50F4 000:365.266 JLINK_CORESIGHT_ReadAPDPReg(AP reg 0x03)
T50F4 000:365.513   Value=0x00000000
T50F4 000:365.532 - 0.266ms returns 0
T50F4 000:365.546 JLINK_CORESIGHT_WriteAPDPReg(AP reg 0x00, 0x80000002)
T50F4 000:365.726 - 0.180ms returns 0
T50F4 000:365.740 JLINK_CORESIGHT_WriteAPDPReg(AP reg 0x01, 0x80011130)
T50F4 000:365.906 - 0.165ms returns 0
T50F4 000:365.920 JLINK_CORESIGHT_ReadAPDPReg(AP reg 0x03)
T50F4 000:366.135   Value=0x43454841
T50F4 000:366.155 - 0.234ms returns 0
T50F4 000:366.169 JLINK_CORESIGHT_WriteAPDPReg(AP reg 0x00, 0x80000002)
T50F4 000:366.355 - 0.185ms returns 0
T50F4 000:366.370 JLINK_CORESIGHT_WriteAPDPReg(AP reg 0x01, 0x80011140)
T50F4 000:366.537 - 0.167ms returns 0
T50F4 000:366.552 JLINK_CORESIGHT_ReadAPDPReg(AP reg 0x03)
T50F4 000:366.778   Value=0x00000000
T50F4 000:366.798 - 0.245ms returns 0
T50F4 000:366.812 JLINK_CORESIGHT_WriteAPDPReg(AP reg 0x00, 0x80000002)
T50F4 000:366.978 - 0.166ms returns 0
T50F4 000:366.993 JLINK_CORESIGHT_WriteAPDPReg(AP reg 0x01, 0x80011130)
T50F4 000:367.160 - 0.167ms returns 0
T50F4 000:367.176 JLINK_CORESIGHT_ReadAPDPReg(AP reg 0x03)
T50F4 000:367.412   Value=0x20204442
T50F4 000:367.432 - 0.256ms returns 0
T50F4 000:367.446 JLINK_CORESIGHT_WriteAPDPReg(AP reg 0x00, 0x80000002)
T50F4 000:367.612 - 0.165ms returns 0
T50F4 000:367.631 JLINK_CORESIGHT_WriteAPDPReg(AP reg 0x01, 0x80011140)
T50F4 000:367.798 - 0.166ms returns 0
T50F4 000:367.813 JLINK_CORESIGHT_ReadAPDPReg(AP reg 0x03)
T50F4 000:368.053   Value=0x00000000
T50F4 000:368.073 - 0.260ms returns 0
T50F4 000:368.088 JLINK_CORESIGHT_WriteAPDPReg(AP reg 0x00, 0x80000002)
T50F4 000:368.255 - 0.167ms returns 0
T50F4 000:368.271 JLINK_CORESIGHT_WriteAPDPReg(AP reg 0x01, 0x80011130)
T50F4 000:368.464 - 0.193ms returns 0
T50F4 000:368.480 JLINK_CORESIGHT_ReadAPDPReg(AP reg 0x03)
T50F4 000:368.694   Value=0x00032320
T50F4 000:368.715 - 0.235ms returns 0
T50F4 000:368.743 JLINK_CORESIGHT_WriteAPDPReg(AP reg 0x00, 0x80000002)
T50F4 000:368.928 - 0.185ms returns 0
T50F4 000:368.943 JLINK_CORESIGHT_WriteAPDPReg(AP reg 0x01, 0x80011140)
T50F4 000:369.130 - 0.186ms returns 0
T50F4 000:369.146 JLINK_CORESIGHT_ReadAPDPReg(AP reg 0x03)
T50F4 000:369.381   Value=0x00000002
T50F4 000:369.402 - 0.256ms returns 0
T50F4 000:369.417 JLINK_CORESIGHT_WriteAPDPReg(AP reg 0x00, 0x80000002)
T50F4 000:369.582 - 0.164ms returns 0
T50F4 000:369.599 JLINK_CORESIGHT_WriteAPDPReg(AP reg 0x01, 0x80011120)
T50F4 000:369.843 - 0.244ms returns 0
T50F4 000:369.860 JLINK_CORESIGHT_WriteAPDPReg(AP reg 0x03, 0x2C010001)
T50F4 000:370.030 - 0.170ms returns 0
T50F4 000:370.047 JLINK_CORESIGHT_WriteAPDPReg(AP reg 0x00, 0x80000002)
T50F4 000:370.217 - 0.170ms returns 0
T50F4 000:370.234 JLINK_CORESIGHT_WriteAPDPReg(AP reg 0x01, 0x80011140)
T50F4 000:370.465 - 0.231ms returns 0
T50F4 000:370.483 JLINK_CORESIGHT_ReadAPDPReg(AP reg 0x03)
T50F4 000:370.705   Value=0x00000002
T50F4 000:370.727 - 0.243ms returns 0
T50F4 000:370.742 JLINK_CORESIGHT_WriteAPDPReg(AP reg 0x00, 0x80000002)
T50F4 000:370.964 - 0.221ms returns 0
T50F4 000:370.980 JLINK_CORESIGHT_WriteAPDPReg(AP reg 0x01, 0x80011120)
T50F4 000:371.150 - 0.169ms returns 0
T50F4 000:371.166 JLINK_CORESIGHT_WriteAPDPReg(AP reg 0x03, 0x000003D3)
T50F4 000:371.357 - 0.190ms returns 0
T50F4 000:371.374 JLINK_CORESIGHT_WriteAPDPReg(AP reg 0x00, 0x80000002)
T50F4 000:371.543 - 0.168ms returns 0
T50F4 000:371.559 JLINK_CORESIGHT_WriteAPDPReg(AP reg 0x01, 0x80011140)
T50F4 000:371.728 - 0.168ms returns 0
T50F4 000:371.745 JLINK_CORESIGHT_ReadAPDPReg(AP reg 0x03)
T50F4 000:371.987   Value=0x00000002
T50F4 000:372.009 - 0.264ms returns 0
T50F4 000:372.024 JLINK_CORESIGHT_ReadAPDPReg(AP reg 0x03)
T50F4 000:372.245   Value=0x00000002
T50F4 000:372.267 - 0.242ms returns 0
T50F4 000:372.283 JLINK_CORESIGHT_ReadAPDPReg(AP reg 0x03)
T50F4 000:372.516   Value=0x00000002
T50F4 000:372.538 - 0.255ms returns 0
T50F4 000:372.556 JLINK_CORESIGHT_ReadAPDPReg(AP reg 0x03)
T50F4 000:372.778   Value=0x00000000
T50F4 000:372.801 - 0.245ms returns 0
T50F4 000:372.819 JLINK_CORESIGHT_WriteAPDPReg(AP reg 0x00, 0x80000002)
T50F4 000:373.003 - 0.184ms returns 0
T50F4 000:373.022 JLINK_CORESIGHT_WriteAPDPReg(AP reg 0x01, 0x80011130)
T50F4 000:373.192 - 0.170ms returns 0
T50F4 000:373.210 JLINK_CORESIGHT_ReadAPDPReg(AP reg 0x03)
T50F4 000:373.451   Value=0x2C020081
T50F4 000:373.484 - 0.273ms returns 0
T50F4 000:373.503 JLINK_CORESIGHT_WriteAPDPReg(AP reg 0x00, 0x80000002)
T50F4 000:373.683 - 0.180ms returns 0
T50F4 000:373.739 JLINK_CORESIGHT_WriteAPDPReg(AP reg 0x01, 0x80011140)
T50F4 000:373.930 - 0.190ms returns 0
T50F4 000:373.953 JLINK_CORESIGHT_ReadAPDPReg(AP reg 0x03)
T50F4 000:374.181   Value=0x00000000
T50F4 000:374.205 - 0.252ms returns 0
T50F4 000:374.224 JLINK_CORESIGHT_WriteAPDPReg(AP reg 0x00, 0x80000002)
T50F4 000:374.466 - 0.241ms returns 0
T50F4 000:374.483 JLINK_CORESIGHT_WriteAPDPReg(AP reg 0x01, 0x80011130)
T50F4 000:374.654 - 0.171ms returns 0
T50F4 000:374.671 JLINK_CORESIGHT_ReadAPDPReg(AP reg 0x03)
T50F4 000:374.913   Value=0x0003CE04
T50F4 000:374.935 - 0.263ms returns 0
T50F4 000:375.794 JLINK_CORESIGHT_WriteAPDPReg(AP reg 0x00, 0x80000002)
T50F4 000:375.967 - 0.173ms returns 0
T50F4 000:375.983 JLINK_CORESIGHT_WriteAPDPReg(AP reg 0x01, 0x80011140)
T50F4 000:376.152 - 0.169ms returns 0
T50F4 000:376.169 JLINK_CORESIGHT_ReadAPDPReg(AP reg 0x03)
T50F4 000:376.407   Value=0x00000002
T50F4 000:376.429 - 0.260ms returns 0
T50F4 000:376.445 JLINK_CORESIGHT_WriteAPDPReg(AP reg 0x00, 0x80000002)
T50F4 000:376.614 - 0.169ms returns 0
T50F4 000:376.631 JLINK_CORESIGHT_WriteAPDPReg(AP reg 0x01, 0x80011120)
T50F4 000:376.801 - 0.170ms returns 0
T50F4 000:376.817 JLINK_CORESIGHT_WriteAPDPReg(AP reg 0x03, 0x73010001)
T50F4 000:377.004 - 0.186ms returns 0
T50F4 000:377.020 JLINK_CORESIGHT_WriteAPDPReg(AP reg 0x00, 0x80000002)
T50F4 000:377.186 - 0.166ms returns 0
T50F4 000:377.204 JLINK_CORESIGHT_WriteAPDPReg(AP reg 0x01, 0x80011140)
T50F4 000:377.382 - 0.178ms returns 0
T50F4 000:377.399 JLINK_CORESIGHT_ReadAPDPReg(AP reg 0x03)
T50F4 000:377.618   Value=0x00000002
T50F4 000:377.640 - 0.241ms returns 0
T50F4 000:377.656 JLINK_CORESIGHT_WriteAPDPReg(AP reg 0x00, 0x80000002)
T50F4 000:377.826 - 0.170ms returns 0
T50F4 000:377.843 JLINK_CORESIGHT_WriteAPDPReg(AP reg 0x01, 0x80011120)
T50F4 000:378.012 - 0.170ms returns 0
T50F4 000:378.029 JLINK_CORESIGHT_WriteAPDPReg(AP reg 0x03, 0x0000038C)
T50F4 000:378.199 - 0.169ms returns 0
T50F4 000:378.216 JLINK_CORESIGHT_WriteAPDPReg(AP reg 0x00, 0x80000002)
T50F4 000:378.407 - 0.191ms returns 0
T50F4 000:378.424 JLINK_CORESIGHT_WriteAPDPReg(AP reg 0x01, 0x80011140)
T50F4 000:378.593 - 0.169ms returns 0
T50F4 000:378.610 JLINK_CORESIGHT_ReadAPDPReg(AP reg 0x03)
T50F4 000:378.856   Value=0x00000000
T50F4 000:378.877 - 0.267ms returns 0
T50F4 000:378.893 JLINK_CORESIGHT_WriteAPDPReg(AP reg 0x00, 0x80000002)
T50F4 000:379.106 - 0.213ms returns 0
T50F4 000:379.123 JLINK_CORESIGHT_WriteAPDPReg(AP reg 0x01, 0x80011130)
T50F4 000:379.358 - 0.234ms returns 0
T50F4 000:379.374 JLINK_CORESIGHT_ReadAPDPReg(AP reg 0x03)
T50F4 000:379.590   Value=0x73020081
T50F4 000:379.613 - 0.238ms returns 0
T50F4 000:379.629 JLINK_CORESIGHT_WriteAPDPReg(AP reg 0x00, 0x80000002)
T50F4 000:379.823 - 0.194ms returns 0
T50F4 000:379.840 JLINK_CORESIGHT_WriteAPDPReg(AP reg 0x01, 0x80011140)
T50F4 000:380.029 - 0.188ms returns 0
T50F4 000:380.046 JLINK_CORESIGHT_ReadAPDPReg(AP reg 0x03)
T50F4 000:380.277   Value=0x00000000
T50F4 000:380.300 - 0.254ms returns 0
T50F4 000:380.316 JLINK_CORESIGHT_WriteAPDPReg(AP reg 0x00, 0x80000002)
T50F4 000:380.486 - 0.170ms returns 0
T50F4 000:380.503 JLINK_CORESIGHT_WriteAPDPReg(AP reg 0x01, 0x80011130)
T50F4 000:380.673 - 0.170ms returns 0
T50F4 000:380.690 JLINK_CORESIGHT_ReadAPDPReg(AP reg 0x03)
T50F4 000:380.929   Value=0x00038902
T50F4 000:380.950 - 0.260ms returns 0
T50F4 000:380.967 JLINK_CORESIGHT_WriteAPDPReg(AP reg 0x00, 0x80000002)
T50F4 000:381.156 - 0.189ms returns 0
T50F4 000:381.172 JLINK_CORESIGHT_WriteAPDPReg(AP reg 0x01, 0x80011140)
T50F4 000:381.357 - 0.184ms returns 0
T50F4 000:381.373 JLINK_CORESIGHT_ReadAPDPReg(AP reg 0x03)
T50F4 000:381.591   Value=0x00000002
T50F4 000:381.612 - 0.239ms returns 0
T50F4 000:381.628 JLINK_CORESIGHT_WriteAPDPReg(AP reg 0x00, 0x80000002)
T50F4 000:381.797 - 0.169ms returns 0
T50F4 000:381.812 JLINK_CORESIGHT_WriteAPDPReg(AP reg 0x01, 0x80011120)
T50F4 000:382.003 - 0.190ms returns 0
T50F4 000:382.019 JLINK_CORESIGHT_WriteAPDPReg(AP reg 0x03, 0x75010001)
T50F4 000:382.186 - 0.167ms returns 0
T50F4 000:382.201 JLINK_CORESIGHT_WriteAPDPReg(AP reg 0x00, 0x80000002)
T50F4 000:382.381 - 0.179ms returns 0
T50F4 000:382.397 JLINK_CORESIGHT_WriteAPDPReg(AP reg 0x01, 0x80011140)
T50F4 000:382.585 - 0.188ms returns 0
T50F4 000:382.601 JLINK_CORESIGHT_ReadAPDPReg(AP reg 0x03)
T50F4 000:382.822   Value=0x00000002
T50F4 000:382.843 - 0.242ms returns 0
T50F4 000:382.858 JLINK_CORESIGHT_WriteAPDPReg(AP reg 0x00, 0x80000002)
T50F4 000:383.028 - 0.169ms returns 0
T50F4 000:383.049 JLINK_CORESIGHT_WriteAPDPReg(AP reg 0x01, 0x80011120)
T50F4 000:383.219 - 0.170ms returns 0
T50F4 000:383.235 JLINK_CORESIGHT_WriteAPDPReg(AP reg 0x03, 0x0000038A)
T50F4 000:383.464 - 0.229ms returns 0
T50F4 000:383.480 JLINK_CORESIGHT_WriteAPDPReg(AP reg 0x00, 0x80000002)
T50F4 000:383.653 - 0.172ms returns 0
T50F4 000:383.670 JLINK_CORESIGHT_WriteAPDPReg(AP reg 0x01, 0x80011140)
T50F4 000:383.853 - 0.183ms returns 0
T50F4 000:383.868 JLINK_CORESIGHT_ReadAPDPReg(AP reg 0x03)
T50F4 000:384.088   Value=0x00000002
T50F4 000:384.109 - 0.240ms returns 0
T50F4 000:384.124 JLINK_CORESIGHT_ReadAPDPReg(AP reg 0x03)
T50F4 000:384.356   Value=0x00000002
T50F4 000:384.377 - 0.252ms returns 0
T50F4 000:384.392 JLINK_CORESIGHT_ReadAPDPReg(AP reg 0x03)
T50F4 000:384.611   Value=0x00000002
T50F4 000:384.632 - 0.240ms returns 0
T50F4 000:384.648 JLINK_CORESIGHT_ReadAPDPReg(AP reg 0x03)
T50F4 000:384.867   Value=0x00000000
T50F4 000:384.888 - 0.240ms returns 0
T50F4 000:384.904 JLINK_CORESIGHT_WriteAPDPReg(AP reg 0x00, 0x80000002)
T50F4 000:385.074 - 0.170ms returns 0
T50F4 000:385.090 JLINK_CORESIGHT_WriteAPDPReg(AP reg 0x01, 0x80011130)
T50F4 000:385.259 - 0.168ms returns 0
T50F4 000:385.276 JLINK_CORESIGHT_ReadAPDPReg(AP reg 0x03)
T50F4 000:385.515   Value=0x75020081
T50F4 000:385.536 - 0.260ms returns 0
T50F4 000:385.551 JLINK_CORESIGHT_WriteAPDPReg(AP reg 0x00, 0x80000002)
T50F4 000:385.728 - 0.177ms returns 0
T50F4 000:385.745 JLINK_CORESIGHT_WriteAPDPReg(AP reg 0x01, 0x80011140)
T50F4 000:385.915 - 0.170ms returns 0
T50F4 000:385.931 JLINK_CORESIGHT_ReadAPDPReg(AP reg 0x03)
T50F4 000:386.156   Value=0x00000000
T50F4 000:386.177 - 0.245ms returns 0
T50F4 000:386.192 JLINK_CORESIGHT_WriteAPDPReg(AP reg 0x00, 0x80000002)
T50F4 000:386.382 - 0.190ms returns 0
T50F4 000:386.399 JLINK_CORESIGHT_WriteAPDPReg(AP reg 0x01, 0x80011130)
T50F4 000:386.568 - 0.169ms returns 0
T50F4 000:386.585 JLINK_CORESIGHT_ReadAPDPReg(AP reg 0x03)
T50F4 000:386.804   Value=0x00038702
T50F4 000:386.825 - 0.240ms returns 0
T50F4 000:386.844 JLINK_CORESIGHT_WriteAPDPReg(AP reg 0x00, 0x80000002)
T50F4 000:387.029 - 0.185ms returns 0
T50F4 000:387.046 JLINK_CORESIGHT_WriteAPDPReg(AP reg 0x01, 0x80011140)
T50F4 000:387.214 - 0.168ms returns 0
T50F4 000:387.230 JLINK_CORESIGHT_ReadAPDPReg(AP reg 0x03)
T50F4 000:387.514   Value=0x00000002
T50F4 000:387.535 - 0.304ms returns 0
T50F4 000:387.551 JLINK_CORESIGHT_WriteAPDPReg(AP reg 0x00, 0x80000002)
T50F4 000:387.727 - 0.176ms returns 0
T50F4 000:387.744 JLINK_CORESIGHT_WriteAPDPReg(AP reg 0x01, 0x80011120)
T50F4 000:387.912 - 0.168ms returns 0
T50F4 000:387.928 JLINK_CORESIGHT_WriteAPDPReg(AP reg 0x03, 0x4F010001)
T50F4 000:388.105 - 0.176ms returns 0
T50F4 000:388.121 JLINK_CORESIGHT_WriteAPDPReg(AP reg 0x00, 0x80000002)
T50F4 000:388.356 - 0.234ms returns 0
T50F4 000:388.372 JLINK_CORESIGHT_WriteAPDPReg(AP reg 0x01, 0x80011140)
T50F4 000:388.541 - 0.169ms returns 0
T50F4 000:388.557 JLINK_CORESIGHT_ReadAPDPReg(AP reg 0x03)
T50F4 000:388.778   Value=0x00000002
T50F4 000:388.799 - 0.241ms returns 0
T50F4 000:388.814 JLINK_CORESIGHT_WriteAPDPReg(AP reg 0x00, 0x80000002)
T50F4 000:389.002 - 0.187ms returns 0
T50F4 000:389.018 JLINK_CORESIGHT_WriteAPDPReg(AP reg 0x01, 0x80011120)
T50F4 000:389.280 - 0.261ms returns 0
T50F4 000:389.300 JLINK_CORESIGHT_WriteAPDPReg(AP reg 0x03, 0x000003B0)
T50F4 000:389.484 - 0.183ms returns 0
T50F4 000:389.500 JLINK_CORESIGHT_WriteAPDPReg(AP reg 0x00, 0x80000002)
T50F4 000:389.673 - 0.172ms returns 0
T50F4 000:389.689 JLINK_CORESIGHT_WriteAPDPReg(AP reg 0x01, 0x80011140)
T50F4 000:389.879 - 0.190ms returns 0
T50F4 000:389.896 JLINK_CORESIGHT_ReadAPDPReg(AP reg 0x03)
T50F4 000:390.121   Value=0x00000002
T50F4 000:390.142 - 0.246ms returns 0
T50F4 000:390.157 JLINK_CORESIGHT_ReadAPDPReg(AP reg 0x03)
T50F4 000:390.382   Value=0x00000002
T50F4 000:390.403 - 0.245ms returns 0
T50F4 000:390.418 JLINK_CORESIGHT_ReadAPDPReg(AP reg 0x03)
T50F4 000:390.634   Value=0x00000002
T50F4 000:390.655 - 0.236ms returns 0
T50F4 000:390.670 JLINK_CORESIGHT_ReadAPDPReg(AP reg 0x03)
T50F4 000:390.904   Value=0x00000002
T50F4 000:390.926 - 0.255ms returns 0
T50F4 000:390.941 JLINK_CORESIGHT_ReadAPDPReg(AP reg 0x03)
T50F4 000:391.157   Value=0x00000002
T50F4 000:391.178 - 0.237ms returns 0
T50F4 000:391.194 JLINK_CORESIGHT_ReadAPDPReg(AP reg 0x03)
T50F4 000:391.407   Value=0x00000002
T50F4 000:391.428 - 0.234ms returns 0
T50F4 000:391.443 JLINK_CORESIGHT_ReadAPDPReg(AP reg 0x03)
T50F4 000:391.671   Value=0x00000002
T50F4 000:391.693 - 0.249ms returns 0
T50F4 000:391.708 JLINK_CORESIGHT_ReadAPDPReg(AP reg 0x03)
T50F4 000:391.937   Value=0x00000002
T50F4 000:391.958 - 0.250ms returns 0
T50F4 000:391.974 JLINK_CORESIGHT_ReadAPDPReg(AP reg 0x03)
T50F4 000:392.215   Value=0x00000002
T50F4 000:392.236 - 0.262ms returns 0
T50F4 000:392.251 JLINK_CORESIGHT_ReadAPDPReg(AP reg 0x03)
T50F4 000:392.520   Value=0x00000002
T50F4 000:392.541 - 0.289ms returns 0
T50F4 000:392.558 JLINK_CORESIGHT_ReadAPDPReg(AP reg 0x03)
T50F4 000:392.784   Value=0x00000002
T50F4 000:392.805 - 0.247ms returns 0
T50F4 000:392.820 JLINK_CORESIGHT_ReadAPDPReg(AP reg 0x03)
T50F4 000:393.035   Value=0x00000002
T50F4 000:393.055 - 0.235ms returns 0
T50F4 000:393.070 JLINK_CORESIGHT_ReadAPDPReg(AP reg 0x03)
T50F4 000:393.370   Value=0x00000002
T50F4 000:393.390 - 0.320ms returns 0
T50F4 000:393.405 JLINK_CORESIGHT_ReadAPDPReg(AP reg 0x03)
T50F4 000:393.659   Value=0x00000000
T50F4 000:393.680 - 0.274ms returns 0
T50F4 000:393.695 JLINK_CORESIGHT_WriteAPDPReg(AP reg 0x00, 0x80000002)
T50F4 000:393.879 - 0.183ms returns 0
T50F4 000:393.894 JLINK_CORESIGHT_WriteAPDPReg(AP reg 0x01, 0x80011130)
T50F4 000:394.063 - 0.168ms returns 0
T50F4 000:394.078 JLINK_CORESIGHT_ReadAPDPReg(AP reg 0x03)
T50F4 000:394.357   Value=0x4F0B0081
T50F4 000:394.377 - 0.298ms returns 0
T50F4 000:394.394 JLINK_CORESIGHT_WriteAPDPReg(AP reg 0x00, 0x80000002)
T50F4 000:394.561 - 0.167ms returns 0
T50F4 000:394.577 JLINK_CORESIGHT_WriteAPDPReg(AP reg 0x01, 0x80011140)
T50F4 000:394.753 - 0.175ms returns 0
T50F4 000:394.769 JLINK_CORESIGHT_ReadAPDPReg(AP reg 0x03)
T50F4 000:394.987   Value=0x00000000
T50F4 000:395.008 - 0.239ms returns 0
T50F4 000:395.023 JLINK_CORESIGHT_WriteAPDPReg(AP reg 0x00, 0x80000002)
T50F4 000:395.191 - 0.168ms returns 0
T50F4 000:395.207 JLINK_CORESIGHT_WriteAPDPReg(AP reg 0x01, 0x80011130)
T50F4 000:395.382 - 0.175ms returns 0
T50F4 000:395.398 JLINK_CORESIGHT_ReadAPDPReg(AP reg 0x03)
T50F4 000:395.617   Value=0x20000000
T50F4 000:395.638 - 0.239ms returns 0
T50F4 000:395.653 JLINK_CORESIGHT_WriteAPDPReg(AP reg 0x00, 0x80000002)
T50F4 000:395.823 - 0.169ms returns 0
T50F4 000:395.839 JLINK_CORESIGHT_WriteAPDPReg(AP reg 0x01, 0x80011140)
T50F4 000:396.009 - 0.170ms returns 0
T50F4 000:396.025 JLINK_CORESIGHT_ReadAPDPReg(AP reg 0x03)
T50F4 000:396.245   Value=0x00000000
T50F4 000:396.267 - 0.241ms returns 0
T50F4 000:396.282 JLINK_CORESIGHT_WriteAPDPReg(AP reg 0x00, 0x80000002)
T50F4 000:396.464 - 0.181ms returns 0
T50F4 000:396.480 JLINK_CORESIGHT_WriteAPDPReg(AP reg 0x01, 0x80011130)
T50F4 000:396.650 - 0.169ms returns 0
T50F4 000:396.679 JLINK_CORESIGHT_ReadAPDPReg(AP reg 0x03)
T50F4 000:396.929   Value=0x00000000
T50F4 000:396.950 - 0.270ms returns 0
T50F4 000:396.965 JLINK_CORESIGHT_WriteAPDPReg(AP reg 0x00, 0x80000002)
T50F4 000:397.128 - 0.163ms returns 0
T50F4 000:397.144 JLINK_CORESIGHT_WriteAPDPReg(AP reg 0x01, 0x80011140)
T50F4 000:397.354 - 0.210ms returns 0
T50F4 000:397.370 JLINK_CORESIGHT_ReadAPDPReg(AP reg 0x03)
T50F4 000:397.581   Value=0x00000000
T50F4 000:397.601 - 0.231ms returns 0
T50F4 000:397.616 JLINK_CORESIGHT_WriteAPDPReg(AP reg 0x00, 0x80000002)
T50F4 000:397.779 - 0.162ms returns 0
T50F4 000:397.794 JLINK_CORESIGHT_WriteAPDPReg(AP reg 0x01, 0x80011130)
T50F4 000:397.964 - 0.169ms returns 0
T50F4 000:397.980 JLINK_CORESIGHT_ReadAPDPReg(AP reg 0x03)
T50F4 000:398.193   Value=0x03860000
T50F4 000:398.214 - 0.234ms returns 0
T50F4 000:398.279 JLINK_CORESIGHT_ReadAPDPReg(DP reg 0x01)
T50F4 000:398.486   Value=0xF0000F40
T50F4 000:398.507 - 0.228ms returns 0
T50F4 000:398.523 JLINK_CORESIGHT_WriteAPDPReg(DP reg 0x01, 0xA0000F40)
T50F4 000:398.687 - 0.164ms returns 0
T50F4 000:398.703 JLINK_CORESIGHT_ReadAPDPReg(DP reg 0x01)
T50F4 000:398.875   Value=0x00000F40
T50F4 000:398.896 - 0.192ms returns 0
T50F4 000:398.912 JLINK_ClrRESET()
T50F4 000:399.101 - 0.189ms
T50F4 000:508.837 JLINK_Close()
T50F4 000:523.135 - 14.296ms
T50F4 000:523.218   
T50F4 000:523.257   Closed
